[debug] [2020-11-25T10:09:17.546Z] ----------------------------------------------------------------------
[debug] [2020-11-25T10:09:17.552Z] Command:       C:\Program Files\nodejs\node.exe C:\Users\EMAX\AppData\Roaming\npm\node_modules\firebase-tools\lib\bin\firebase.js init
[debug] [2020-11-25T10:09:17.553Z] CLI Version:   8.16.2
[debug] [2020-11-25T10:09:17.554Z] Platform:      win32
[debug] [2020-11-25T10:09:17.554Z] Node Version:  v12.16.1
[debug] [2020-11-25T10:09:17.557Z] Time:          Wed Nov 25 2020 16:09:17 GMT+0600 (Bangladesh Standard Time)
[debug] [2020-11-25T10:09:17.557Z] ----------------------------------------------------------------------
[debug] [2020-11-25T10:09:17.557Z] 
[debug] [2020-11-25T10:09:17.570Z] >>> [apiv2][query] GET https://firebase-public.firebaseio.com/cli.json [none]
[debug] [2020-11-25T10:09:17.623Z] > command requires scopes: ["email","openid","https://www.googleapis.com/auth/cloudplatformprojects.readonly","https://www.googleapis.com/auth/firebase","https://www.googleapis.com/auth/cloud-platform"]
[debug] [2020-11-25T10:09:17.623Z] > authorizing via signed-in user
[info] 
     ######## #### ########  ######## ########     ###     ######  ########
     ##        ##  ##     ## ##       ##     ##  ##   ##  ##       ##
     ######    ##  ########  ######   ########  #########  ######  ######
     ##        ##  ##    ##  ##       ##     ## ##     ##       ## ##
     ##       #### ##     ## ######## ########  ##     ##  ######  ########

You're about to initialize a Firebase project in this directory:

  C:\Users\EMAX\Web devolopment\React-projects\travel-guru

[debug] [2020-11-25T10:09:19.058Z] <<< [apiv2][status] GET https://firebase-public.firebaseio.com/cli.json 200
[debug] [2020-11-25T10:09:19.058Z] <<< [apiv2][body] GET https://firebase-public.firebaseio.com/cli.json {"cloudBuildErrorAfter":1594252800000,"cloudBuildWarnAfter":1590019200000,"defaultNode10After":1594252800000,"minVersion":"3.0.5","node8DeploysDisabledAfter":1613390400000,"node8RuntimeDisabledAfter":1615809600000,"node8WarnAfter":1600128000000}
